<?xml version="1.0" encoding="UTF-8"?>
<testsuite xmlns:xsi="http://www.w3.org/2001/XMLSchema-instance" xsi:noNamespaceSchemaLocation="https://maven.apache.org/surefire/maven-surefire-plugin/xsd/surefire-test-report.xsd" version="3.0.2" name="com.pregunta.preguntas.Service.PreguntasServiceTest" time="0.6" tests="3" errors="0" skipped="0" failures="0" flakes="0">
  <properties>
[...]
</properties>
  <testcase name="testPatchPregunta" classname="com.pregunta.preguntas.Service.PreguntasServiceTest" time="0.575">
    <system-out><![CDATA[17:30:12.908 [main] INFO com.pregunta.preguntas.service.PreguntaService -- Pregunta ID 9 actualizada
Pregunta(idPregunta=9, enunciado=¿Cuántos años tiene un siglo?, puntaje=10, dificultad=FACIL, categoria=matematicas, tipo=opcion_multiple)
]]></system-out>
    <system-err><![CDATA[Mockito is currently self-attaching to enable the inline-mock-maker. This will no longer work in future releases of the JDK. Please add Mockito as an agent to your build as described in Mockito's documentation: https://javadoc.io/doc/org.mockito/mockito-core/latest/org.mockito/org/mockito/Mockito.html#0.3
WARNING: A Java agent has been loaded dynamically (C:\Users\SSDD\.m2\repository\net\bytebuddy\byte-buddy-agent\1.17.8\byte-buddy-agent-1.17.8.jar)
WARNING: If a serviceability tool is in use, please run with -XX:+EnableDynamicAgentLoading to hide this warning
WARNING: If a serviceability tool is not in use, please run with -Djdk.instrument.traceUsage for more information
WARNING: Dynamic loading of agents will be disallowed by default in a future release
]]></system-err>
  </testcase>
  <testcase name="testFindAll" classname="com.pregunta.preguntas.Service.PreguntasServiceTest" time="0.003"/>
  <testcase name="testFindById" classname="com.pregunta.preguntas.Service.PreguntasServiceTest" time="0.002"/>
</testsuite>